d:\projects\caththebeast\caththebeast\debug\caththebeast.mainform.resources
c:\users\maximus\desktop\caththebeast\caththebeast\debug\caththebeast.mainform.resources
d:\projects\caththebeast\caththebeast\debug\vc120.pdb
d:\projects\caththebeast\caththebeast\debug\mainform.obj
d:\projects\caththebeast\caththebeast\debug\.netframework,version=v4.5.assemblyattributes.obj
c:\users\maximus\desktop\caththebeast\caththebeast\debug\vc120.pdb
c:\users\maximus\desktop\caththebeast\caththebeast\debug\mainform.obj
d:\projects\caththebeast\debug\caththebeast.exe
d:\projects\caththebeast\debug\caththebeast.pdb
c:\users\maximus\desktop\caththebeast\debug\caththebeast.exe
c:\users\maximus\desktop\caththebeast\debug\caththebeast.pdb
c:\users\maximus\desktop\caththebeast\caththebeast\debug\caththebeast.vcxproj.generateresource.cache
c:\users\maximus\desktop\caththebeast\caththebeast\debug\caththebeast.vcxprojresolveassemblyreference.cache
c:\users\maximus\desktop\caththebeast\caththebeast\debug\.netframework,version=v4.5.assemblyattributes.obj
c:\users\maximus\desktop\caththebeast\caththebeast\debug\caththebeast.tlog\caththebeast.write.1u.tlog
c:\users\maximus\desktop\caththebeast\caththebeast\debug\caththebeast.tlog\cl.command.1.tlog
c:\users\maximus\desktop\caththebeast\caththebeast\debug\caththebeast.tlog\cl.read.1.tlog
c:\users\maximus\desktop\caththebeast\caththebeast\debug\caththebeast.tlog\cl.write.1.tlog
c:\users\maximus\desktop\caththebeast\caththebeast\debug\caththebeast.tlog\link.command.1.tlog
c:\users\maximus\desktop\caththebeast\caththebeast\debug\caththebeast.tlog\link.read.1.tlog
c:\users\maximus\desktop\caththebeast\caththebeast\debug\caththebeast.tlog\link.write.1.tlog
c:\users\maximus\desktop\caththebeast\caththebeast\debug\caththebeast.tlog\metagen.read.1.tlog
c:\users\maximus\desktop\caththebeast\caththebeast\debug\caththebeast.tlog\metagen.write.1.tlog
c:\users\maximus\desktop\caththebeast\caththebeast\debug\caththebeast.tlog\tzres.dll.bi
